<?xml version="1.0" encoding="UTF-8"?>
<!-- Generated by org.testng.reporters.JUnitReportReporter -->
<testsuite hostname="LAPTOP-L47TV1TH" failures="0" tests="2" name="com.TestNg.org.TestNg.SimpleAnnotation" time="0.006" errors="0" timestamp="2021-03-25T23:09:06 IST" skipped="0">
  <testcase classname="com.TestNg.org.TestNg.SimpleAnnotation" name="searchmobile" time="0.001"/>
  <testcase classname="com.TestNg.org.TestNg.SimpleAnnotation" name="searchdress" time="0.005"/>
</testsuite> <!-- com.TestNg.org.TestNg.SimpleAnnotation -->
