<?xml version="1.0" encoding="UTF-8"?>
<!-- Generated by org.testng.reporters.JUnitReportReporter -->
<testsuite hostname="LAPTOP-L47TV1TH" failures="0" tests="6" name="com.TestNg.org.TestNg.InvocationCount_and_timeOut" time="0.016" errors="0" timestamp="2021-03-27T19:08:03 IST" skipped="1">
  <testcase classname="com.TestNg.org.TestNg.InvocationCount_and_timeOut" name="SearchMobile" time="0.000"/>
  <testcase classname="com.TestNg.org.TestNg.InvocationCount_and_timeOut" name="SearchMobile" time="0.002"/>
  <testcase classname="com.TestNg.org.TestNg.InvocationCount_and_timeOut" name="SearchMobile" time="0.002"/>
  <testcase classname="com.TestNg.org.TestNg.InvocationCount_and_timeOut" name="SearchMobile" time="0.001"/>
  <testcase classname="com.TestNg.org.TestNg.InvocationCount_and_timeOut" name="SearchMobile" time="0.011"/>
  <testcase classname="com.TestNg.org.TestNg.InvocationCount_and_timeOut" name="Payment">
    <skipped/>
  </testcase> <!-- Payment -->
</testsuite> <!-- com.TestNg.org.TestNg.InvocationCount_and_timeOut -->
