<?xml version="1.0" encoding="UTF-8"?>
<!-- Generated by org.testng.reporters.JUnitReportReporter -->
<testsuite hostname="LAPTOP-L47TV1TH" failures="0" tests="6" name="com.TestNg.org.TestNg.IgnoreTest" time="0.014" errors="0" timestamp="2021-03-26T17:29:02 IST" skipped="2">
  <testcase classname="com.TestNg.org.TestNg.IgnoreTest" name="Url" time="0.011"/>
  <testcase classname="com.TestNg.org.TestNg.IgnoreTest" name="browserLaunch" time="0.000"/>
  <testcase classname="com.TestNg.org.TestNg.IgnoreTest" name="login" time="0.001"/>
  <testcase classname="com.TestNg.org.TestNg.IgnoreTest" name="logOut" time="0.002"/>
  <testcase classname="com.TestNg.org.TestNg.IgnoreTest" name="Payment">
    <skipped/>
  </testcase> <!-- Payment -->
  <testcase classname="com.TestNg.org.TestNg.IgnoreTest" name="SearchMobile">
    <skipped/>
  </testcase> <!-- SearchMobile -->
</testsuite> <!-- com.TestNg.org.TestNg.IgnoreTest -->
