<?xml version="1.0" encoding="UTF-8"?>
<!-- Generated by org.testng.reporters.JUnitReportReporter -->
<testsuite hostname="LAPTOP-L47TV1TH" failures="0" tests="3" name="com.TestNg.org.TestNg.Grouping_Test" time="0.012" errors="0" timestamp="2021-03-28T08:57:21 IST" skipped="0">
  <testcase classname="com.TestNg.org.TestNg.Grouping_Test" name="empAccountDetails" time="0.010"/>
  <testcase classname="com.TestNg.org.TestNg.Grouping_Test" name="empId" time="0.001"/>
  <testcase classname="com.TestNg.org.TestNg.Grouping_Test" name="empSalary" time="0.001"/>
</testsuite> <!-- com.TestNg.org.TestNg.Grouping_Test -->
