<?xml version="1.0" encoding="UTF-8"?>
<!-- Generated by org.testng.reporters.JUnitReportReporter -->
<testsuite hostname="LAPTOP-L47TV1TH" failures="0" tests="10" name="com.TestNg.org.TestNg.InvocationCount" time="2.042" errors="1" timestamp="2021-03-26T19:02:22 IST" skipped="1">
  <testcase classname="com.TestNg.org.TestNg.InvocationCount" name="browserLaunch" time="0.001"/>
  <testcase classname="com.TestNg.org.TestNg.InvocationCount" name="SearchMobile" time="0.008"/>
  <testcase classname="com.TestNg.org.TestNg.InvocationCount" name="SearchMobile" time="0.001"/>
  <testcase classname="com.TestNg.org.TestNg.InvocationCount" name="SearchMobile" time="0.001"/>
  <testcase classname="com.TestNg.org.TestNg.InvocationCount" name="logOut" time="0.001"/>
  <testcase classname="com.TestNg.org.TestNg.InvocationCount" name="SearchMobile" time="0.001"/>
  <testcase classname="com.TestNg.org.TestNg.InvocationCount" name="Url" time="0.001"/>
  <testcase classname="com.TestNg.org.TestNg.InvocationCount" name="login" time="2.027">
    <error message="Method com.TestNg.org.TestNg.InvocationCount.login() didn&#039;t finish within the time-out 2000" type="org.testng.internal.thread.ThreadTimeoutException">
      <![CDATA[org.testng.internal.thread.ThreadTimeoutException: Method com.TestNg.org.TestNg.InvocationCount.login() didn't finish within the time-out 2000
]]>
    </error>
  </testcase> <!-- login -->
  <testcase classname="com.TestNg.org.TestNg.InvocationCount" name="SearchMobile" time="0.001"/>
  <testcase classname="com.TestNg.org.TestNg.InvocationCount" name="Payment">
    <skipped/>
  </testcase> <!-- Payment -->
</testsuite> <!-- com.TestNg.org.TestNg.InvocationCount -->
