<?xml version="1.0" encoding="UTF-8"?>
<!-- Generated by org.testng.reporters.JUnitReportReporter -->
<testsuite hostname="LAPTOP-L47TV1TH" failures="0" tests="2" name="com.TestNg.org.TestNg.Data_Provider" time="0.012" errors="0" timestamp="2021-04-03T11:17:05 IST" skipped="0">
  <testcase classname="com.TestNg.org.TestNg.Data_Provider" name="Credetials" time="0.010"/>
  <testcase classname="com.TestNg.org.TestNg.Data_Provider" name="Credetials" time="0.002"/>
</testsuite> <!-- com.TestNg.org.TestNg.Data_Provider -->
