<?xml version="1.0" encoding="UTF-8"?>
<!-- Generated by org.testng.reporters.JUnitReportReporter -->
<testsuite hostname="LAPTOP-L47TV1TH" failures="0" tests="1" name="com.TestNg.org.TestNg.ExceptionTest" time="0.012" errors="0" timestamp="2021-04-02T18:26:59 IST" skipped="0">
  <testcase classname="com.TestNg.org.TestNg.ExceptionTest" name="test" time="0.012"/>
</testsuite> <!-- com.TestNg.org.TestNg.ExceptionTest -->
