<?xml version="1.0" encoding="UTF-8"?>
<!-- Generated by org.testng.reporters.JUnitReportReporter -->
<testsuite hostname="LAPTOP-L47TV1TH" failures="0" tests="5" name="com.TestNg.org.TestNg.Parallel_Test" time="20.043" errors="5" timestamp="2021-03-27T19:43:32 IST" skipped="0">
  <testcase classname="com.TestNg.org.TestNg.Parallel_Test" name="Flipcart" time="4.009">
    <error message="Method com.TestNg.org.TestNg.Parallel_Test.Flipcart() didn&#039;t finish within the time-out 4000" type="org.testng.internal.thread.ThreadTimeoutException">
      <![CDATA[org.testng.internal.thread.ThreadTimeoutException: Method com.TestNg.org.TestNg.Parallel_Test.Flipcart() didn't finish within the time-out 4000
at java.base@15.0.2/sun.nio.ch.Net.poll(Native Method)
at java.base@15.0.2/sun.nio.ch.NioSocketImpl.park(NioSocketImpl.java:181)
at java.base@15.0.2/sun.nio.ch.NioSocketImpl.timedRead(NioSocketImpl.java:285)
at java.base@15.0.2/sun.nio.ch.NioSocketImpl.implRead(NioSocketImpl.java:309)
at java.base@15.0.2/sun.nio.ch.NioSocketImpl.read(NioSocketImpl.java:350)
at java.base@15.0.2/sun.nio.ch.NioSocketImpl$1.read(NioSocketImpl.java:803)
at java.base@15.0.2/java.net.Socket$SocketInputStream.read(Socket.java:981)
at app//okio.Okio$2.read(Okio.java:140)
at app//okio.AsyncTimeout$2.read(AsyncTimeout.java:237)
at app//okio.RealBufferedSource.indexOf(RealBufferedSource.java:355)
at app//okio.RealBufferedSource.readUtf8LineStrict(RealBufferedSource.java:227)
at app//okhttp3.internal.http1.Http1Codec.readHeaderLine(Http1Codec.java:215)
at app//okhttp3.internal.http1.Http1Codec.readResponseHeaders(Http1Codec.java:189)
at app//okhttp3.internal.http.CallServerInterceptor.intercept(CallServerInterceptor.java:88)
at app//okhttp3.internal.http.RealInterceptorChain.proceed(RealInterceptorChain.java:147)
at app//okhttp3.internal.http.RealInterceptorChain.proceed(RealInterceptorChain.java:121)
at app//org.openqa.selenium.remote.internal.OkHttpClient$Factory$1.lambda$createClient$1(OkHttpClient.java:152)
at app//org.openqa.selenium.remote.internal.OkHttpClient$Factory$1$$Lambda$93/0x000000010019c9e8.intercept(Unknown Source)
at app//okhttp3.internal.http.RealInterceptorChain.proceed(RealInterceptorChain.java:147)
at app//okhttp3.internal.connection.ConnectInterceptor.intercept(ConnectInterceptor.java:45)
at app//okhttp3.internal.http.RealInterceptorChain.proceed(RealInterceptorChain.java:147)
at app//okhttp3.internal.http.RealInterceptorChain.proceed(RealInterceptorChain.java:121)
at app//okhttp3.internal.cache.CacheInterceptor.intercept(CacheInterceptor.java:93)
at app//okhttp3.internal.http.RealInterceptorChain.proceed(RealInterceptorChain.java:147)
at app//okhttp3.internal.http.RealInterceptorChain.proceed(RealInterceptorChain.java:121)
at app//okhttp3.internal.http.BridgeInterceptor.intercept(BridgeInterceptor.java:93)
at app//okhttp3.internal.http.RealInterceptorChain.proceed(RealInterceptorChain.java:147)
at app//okhttp3.internal.http.RetryAndFollowUpInterceptor.intercept(RetryAndFollowUpInterceptor.java:126)
at app//okhttp3.internal.http.RealInterceptorChain.proceed(RealInterceptorChain.java:147)
at app//okhttp3.internal.http.RealInterceptorChain.proceed(RealInterceptorChain.java:121)
at app//okhttp3.RealCall.getResponseWithInterceptorChain(RealCall.java:200)
at app//okhttp3.RealCall.execute(RealCall.java:77)
at app//org.openqa.selenium.remote.internal.OkHttpClient.execute(OkHttpClient.java:103)
at app//org.openqa.selenium.remote.HttpCommandExecutor.execute(HttpCommandExecutor.java:155)
at app//org.openqa.selenium.remote.service.DriverCommandExecutor.execute(DriverCommandExecutor.java:83)
at app//org.openqa.selenium.remote.RemoteWebDriver.execute(RemoteWebDriver.java:552)
at app//org.openqa.selenium.remote.RemoteWebDriver.get(RemoteWebDriver.java:277)
at app//com.TestNg.org.TestNg.Parallel_Test.Flipcart(Parallel_Test.java:24)
at java.base@15.0.2/jdk.internal.reflect.NativeMethodAccessorImpl.invoke0(Native Method)
at java.base@15.0.2/jdk.internal.reflect.NativeMethodAccessorImpl.invoke(NativeMethodAccessorImpl.java:64)
at java.base@15.0.2/jdk.internal.reflect.DelegatingMethodAccessorImpl.invoke(DelegatingMethodAccessorImpl.java:43)
at java.base@15.0.2/java.lang.reflect.Method.invoke(Method.java:564)
at app//org.testng.internal.MethodInvocationHelper.invokeMethod(MethodInvocationHelper.java:133)
at app//org.testng.internal.InvokeMethodRunnable.runOne(InvokeMethodRunnable.java:51)
at app//org.testng.internal.InvokeMethodRunnable.run(InvokeMethodRunnable.java:41)
at java.base@15.0.2/java.util.concurrent.Executors$RunnableAdapter.call(Executors.java:515)
at java.base@15.0.2/java.util.concurrent.FutureTask.run(FutureTask.java:264)
at java.base@15.0.2/java.util.concurrent.ThreadPoolExecutor.runWorker(ThreadPoolExecutor.java:1130)
at java.base@15.0.2/java.util.concurrent.ThreadPoolExecutor$Worker.run(ThreadPoolExecutor.java:630)
at java.base@15.0.2/java.lang.Thread.run(Thread.java:832)
]]>
    </error>
  </testcase> <!-- Flipcart -->
  <testcase classname="com.TestNg.org.TestNg.Parallel_Test" name="Flipcart" time="4.003">
    <error message="Method com.TestNg.org.TestNg.Parallel_Test.Flipcart() didn&#039;t finish within the time-out 4000" type="org.testng.internal.thread.ThreadTimeoutException">
      <![CDATA[org.testng.internal.thread.ThreadTimeoutException: Method com.TestNg.org.TestNg.Parallel_Test.Flipcart() didn't finish within the time-out 4000
at java.base@15.0.2/sun.nio.ch.Net.poll(Native Method)
at java.base@15.0.2/sun.nio.ch.NioSocketImpl.park(NioSocketImpl.java:181)
at java.base@15.0.2/sun.nio.ch.NioSocketImpl.timedRead(NioSocketImpl.java:285)
at java.base@15.0.2/sun.nio.ch.NioSocketImpl.implRead(NioSocketImpl.java:309)
at java.base@15.0.2/sun.nio.ch.NioSocketImpl.read(NioSocketImpl.java:350)
at java.base@15.0.2/sun.nio.ch.NioSocketImpl$1.read(NioSocketImpl.java:803)
at java.base@15.0.2/java.net.Socket$SocketInputStream.read(Socket.java:981)
at app//okio.Okio$2.read(Okio.java:140)
at app//okio.AsyncTimeout$2.read(AsyncTimeout.java:237)
at app//okio.RealBufferedSource.indexOf(RealBufferedSource.java:355)
at app//okio.RealBufferedSource.readUtf8LineStrict(RealBufferedSource.java:227)
at app//okhttp3.internal.http1.Http1Codec.readHeaderLine(Http1Codec.java:215)
at app//okhttp3.internal.http1.Http1Codec.readResponseHeaders(Http1Codec.java:189)
at app//okhttp3.internal.http.CallServerInterceptor.intercept(CallServerInterceptor.java:88)
at app//okhttp3.internal.http.RealInterceptorChain.proceed(RealInterceptorChain.java:147)
at app//okhttp3.internal.http.RealInterceptorChain.proceed(RealInterceptorChain.java:121)
at app//org.openqa.selenium.remote.internal.OkHttpClient$Factory$1.lambda$createClient$1(OkHttpClient.java:152)
at app//org.openqa.selenium.remote.internal.OkHttpClient$Factory$1$$Lambda$93/0x000000010019c9e8.intercept(Unknown Source)
at app//okhttp3.internal.http.RealInterceptorChain.proceed(RealInterceptorChain.java:147)
at app//okhttp3.internal.connection.ConnectInterceptor.intercept(ConnectInterceptor.java:45)
at app//okhttp3.internal.http.RealInterceptorChain.proceed(RealInterceptorChain.java:147)
at app//okhttp3.internal.http.RealInterceptorChain.proceed(RealInterceptorChain.java:121)
at app//okhttp3.internal.cache.CacheInterceptor.intercept(CacheInterceptor.java:93)
at app//okhttp3.internal.http.RealInterceptorChain.proceed(RealInterceptorChain.java:147)
at app//okhttp3.internal.http.RealInterceptorChain.proceed(RealInterceptorChain.java:121)
at app//okhttp3.internal.http.BridgeInterceptor.intercept(BridgeInterceptor.java:93)
at app//okhttp3.internal.http.RealInterceptorChain.proceed(RealInterceptorChain.java:147)
at app//okhttp3.internal.http.RetryAndFollowUpInterceptor.intercept(RetryAndFollowUpInterceptor.java:126)
at app//okhttp3.internal.http.RealInterceptorChain.proceed(RealInterceptorChain.java:147)
at app//okhttp3.internal.http.RealInterceptorChain.proceed(RealInterceptorChain.java:121)
at app//okhttp3.RealCall.getResponseWithInterceptorChain(RealCall.java:200)
at app//okhttp3.RealCall.execute(RealCall.java:77)
at app//org.openqa.selenium.remote.internal.OkHttpClient.execute(OkHttpClient.java:103)
at app//org.openqa.selenium.remote.HttpCommandExecutor.execute(HttpCommandExecutor.java:155)
at app//org.openqa.selenium.remote.service.DriverCommandExecutor.execute(DriverCommandExecutor.java:83)
at app//org.openqa.selenium.remote.RemoteWebDriver.execute(RemoteWebDriver.java:552)
at app//org.openqa.selenium.remote.RemoteWebDriver.get(RemoteWebDriver.java:277)
at app//com.TestNg.org.TestNg.Parallel_Test.Flipcart(Parallel_Test.java:24)
at java.base@15.0.2/jdk.internal.reflect.NativeMethodAccessorImpl.invoke0(Native Method)
at java.base@15.0.2/jdk.internal.reflect.NativeMethodAccessorImpl.invoke(NativeMethodAccessorImpl.java:64)
at java.base@15.0.2/jdk.internal.reflect.DelegatingMethodAccessorImpl.invoke(DelegatingMethodAccessorImpl.java:43)
at java.base@15.0.2/java.lang.reflect.Method.invoke(Method.java:564)
at app//org.testng.internal.MethodInvocationHelper.invokeMethod(MethodInvocationHelper.java:133)
at app//org.testng.internal.InvokeMethodRunnable.runOne(InvokeMethodRunnable.java:51)
at app//org.testng.internal.InvokeMethodRunnable.run(InvokeMethodRunnable.java:41)
at java.base@15.0.2/java.util.concurrent.Executors$RunnableAdapter.call(Executors.java:515)
at java.base@15.0.2/java.util.concurrent.FutureTask.run(FutureTask.java:264)
at java.base@15.0.2/java.util.concurrent.ThreadPoolExecutor.runWorker(ThreadPoolExecutor.java:1130)
at java.base@15.0.2/java.util.concurrent.ThreadPoolExecutor$Worker.run(ThreadPoolExecutor.java:630)
at java.base@15.0.2/java.lang.Thread.run(Thread.java:832)
]]>
    </error>
  </testcase> <!-- Flipcart -->
  <testcase classname="com.TestNg.org.TestNg.Parallel_Test" name="Flipcart" time="4.012">
    <error message="Method com.TestNg.org.TestNg.Parallel_Test.Flipcart() didn&#039;t finish within the time-out 4000" type="org.testng.internal.thread.ThreadTimeoutException">
      <![CDATA[org.testng.internal.thread.ThreadTimeoutException: Method com.TestNg.org.TestNg.Parallel_Test.Flipcart() didn't finish within the time-out 4000
at java.base@15.0.2/sun.nio.ch.Net.poll(Native Method)
at java.base@15.0.2/sun.nio.ch.NioSocketImpl.park(NioSocketImpl.java:181)
at java.base@15.0.2/sun.nio.ch.NioSocketImpl.timedRead(NioSocketImpl.java:285)
at java.base@15.0.2/sun.nio.ch.NioSocketImpl.implRead(NioSocketImpl.java:309)
at java.base@15.0.2/sun.nio.ch.NioSocketImpl.read(NioSocketImpl.java:350)
at java.base@15.0.2/sun.nio.ch.NioSocketImpl$1.read(NioSocketImpl.java:803)
at java.base@15.0.2/java.net.Socket$SocketInputStream.read(Socket.java:981)
at app//okio.Okio$2.read(Okio.java:140)
at app//okio.AsyncTimeout$2.read(AsyncTimeout.java:237)
at app//okio.RealBufferedSource.indexOf(RealBufferedSource.java:355)
at app//okio.RealBufferedSource.readUtf8LineStrict(RealBufferedSource.java:227)
at app//okhttp3.internal.http1.Http1Codec.readHeaderLine(Http1Codec.java:215)
at app//okhttp3.internal.http1.Http1Codec.readResponseHeaders(Http1Codec.java:189)
at app//okhttp3.internal.http.CallServerInterceptor.intercept(CallServerInterceptor.java:88)
at app//okhttp3.internal.http.RealInterceptorChain.proceed(RealInterceptorChain.java:147)
at app//okhttp3.internal.http.RealInterceptorChain.proceed(RealInterceptorChain.java:121)
at app//org.openqa.selenium.remote.internal.OkHttpClient$Factory$1.lambda$createClient$1(OkHttpClient.java:152)
at app//org.openqa.selenium.remote.internal.OkHttpClient$Factory$1$$Lambda$93/0x000000010019c9e8.intercept(Unknown Source)
at app//okhttp3.internal.http.RealInterceptorChain.proceed(RealInterceptorChain.java:147)
at app//okhttp3.internal.connection.ConnectInterceptor.intercept(ConnectInterceptor.java:45)
at app//okhttp3.internal.http.RealInterceptorChain.proceed(RealInterceptorChain.java:147)
at app//okhttp3.internal.http.RealInterceptorChain.proceed(RealInterceptorChain.java:121)
at app//okhttp3.internal.cache.CacheInterceptor.intercept(CacheInterceptor.java:93)
at app//okhttp3.internal.http.RealInterceptorChain.proceed(RealInterceptorChain.java:147)
at app//okhttp3.internal.http.RealInterceptorChain.proceed(RealInterceptorChain.java:121)
at app//okhttp3.internal.http.BridgeInterceptor.intercept(BridgeInterceptor.java:93)
at app//okhttp3.internal.http.RealInterceptorChain.proceed(RealInterceptorChain.java:147)
at app//okhttp3.internal.http.RetryAndFollowUpInterceptor.intercept(RetryAndFollowUpInterceptor.java:126)
at app//okhttp3.internal.http.RealInterceptorChain.proceed(RealInterceptorChain.java:147)
at app//okhttp3.internal.http.RealInterceptorChain.proceed(RealInterceptorChain.java:121)
at app//okhttp3.RealCall.getResponseWithInterceptorChain(RealCall.java:200)
at app//okhttp3.RealCall.execute(RealCall.java:77)
at app//org.openqa.selenium.remote.internal.OkHttpClient.execute(OkHttpClient.java:103)
at app//org.openqa.selenium.remote.HttpCommandExecutor.execute(HttpCommandExecutor.java:155)
at app//org.openqa.selenium.remote.service.DriverCommandExecutor.execute(DriverCommandExecutor.java:83)
at app//org.openqa.selenium.remote.RemoteWebDriver.execute(RemoteWebDriver.java:552)
at app//org.openqa.selenium.remote.RemoteWebDriver.get(RemoteWebDriver.java:277)
at app//com.TestNg.org.TestNg.Parallel_Test.Flipcart(Parallel_Test.java:24)
at java.base@15.0.2/jdk.internal.reflect.NativeMethodAccessorImpl.invoke0(Native Method)
at java.base@15.0.2/jdk.internal.reflect.NativeMethodAccessorImpl.invoke(NativeMethodAccessorImpl.java:64)
at java.base@15.0.2/jdk.internal.reflect.DelegatingMethodAccessorImpl.invoke(DelegatingMethodAccessorImpl.java:43)
at java.base@15.0.2/java.lang.reflect.Method.invoke(Method.java:564)
at app//org.testng.internal.MethodInvocationHelper.invokeMethod(MethodInvocationHelper.java:133)
at app//org.testng.internal.InvokeMethodRunnable.runOne(InvokeMethodRunnable.java:51)
at app//org.testng.internal.InvokeMethodRunnable.run(InvokeMethodRunnable.java:41)
at java.base@15.0.2/java.util.concurrent.Executors$RunnableAdapter.call(Executors.java:515)
at java.base@15.0.2/java.util.concurrent.FutureTask.run(FutureTask.java:264)
at java.base@15.0.2/java.util.concurrent.ThreadPoolExecutor.runWorker(ThreadPoolExecutor.java:1130)
at java.base@15.0.2/java.util.concurrent.ThreadPoolExecutor$Worker.run(ThreadPoolExecutor.java:630)
at java.base@15.0.2/java.lang.Thread.run(Thread.java:832)
]]>
    </error>
  </testcase> <!-- Flipcart -->
  <testcase classname="com.TestNg.org.TestNg.Parallel_Test" name="Flipcart" time="4.017">
    <error message="Method com.TestNg.org.TestNg.Parallel_Test.Flipcart() didn&#039;t finish within the time-out 4000" type="org.testng.internal.thread.ThreadTimeoutException">
      <![CDATA[org.testng.internal.thread.ThreadTimeoutException: Method com.TestNg.org.TestNg.Parallel_Test.Flipcart() didn't finish within the time-out 4000
at java.base@15.0.2/sun.nio.ch.Net.poll(Native Method)
at java.base@15.0.2/sun.nio.ch.NioSocketImpl.park(NioSocketImpl.java:181)
at java.base@15.0.2/sun.nio.ch.NioSocketImpl.timedRead(NioSocketImpl.java:285)
at java.base@15.0.2/sun.nio.ch.NioSocketImpl.implRead(NioSocketImpl.java:309)
at java.base@15.0.2/sun.nio.ch.NioSocketImpl.read(NioSocketImpl.java:350)
at java.base@15.0.2/sun.nio.ch.NioSocketImpl$1.read(NioSocketImpl.java:803)
at java.base@15.0.2/java.net.Socket$SocketInputStream.read(Socket.java:981)
at app//okio.Okio$2.read(Okio.java:140)
at app//okio.AsyncTimeout$2.read(AsyncTimeout.java:237)
at app//okio.RealBufferedSource.indexOf(RealBufferedSource.java:355)
at app//okio.RealBufferedSource.readUtf8LineStrict(RealBufferedSource.java:227)
at app//okhttp3.internal.http1.Http1Codec.readHeaderLine(Http1Codec.java:215)
at app//okhttp3.internal.http1.Http1Codec.readResponseHeaders(Http1Codec.java:189)
at app//okhttp3.internal.http.CallServerInterceptor.intercept(CallServerInterceptor.java:88)
at app//okhttp3.internal.http.RealInterceptorChain.proceed(RealInterceptorChain.java:147)
at app//okhttp3.internal.http.RealInterceptorChain.proceed(RealInterceptorChain.java:121)
at app//org.openqa.selenium.remote.internal.OkHttpClient$Factory$1.lambda$createClient$1(OkHttpClient.java:152)
at app//org.openqa.selenium.remote.internal.OkHttpClient$Factory$1$$Lambda$93/0x000000010019c9e8.intercept(Unknown Source)
at app//okhttp3.internal.http.RealInterceptorChain.proceed(RealInterceptorChain.java:147)
at app//okhttp3.internal.connection.ConnectInterceptor.intercept(ConnectInterceptor.java:45)
at app//okhttp3.internal.http.RealInterceptorChain.proceed(RealInterceptorChain.java:147)
at app//okhttp3.internal.http.RealInterceptorChain.proceed(RealInterceptorChain.java:121)
at app//okhttp3.internal.cache.CacheInterceptor.intercept(CacheInterceptor.java:93)
at app//okhttp3.internal.http.RealInterceptorChain.proceed(RealInterceptorChain.java:147)
at app//okhttp3.internal.http.RealInterceptorChain.proceed(RealInterceptorChain.java:121)
at app//okhttp3.internal.http.BridgeInterceptor.intercept(BridgeInterceptor.java:93)
at app//okhttp3.internal.http.RealInterceptorChain.proceed(RealInterceptorChain.java:147)
at app//okhttp3.internal.http.RetryAndFollowUpInterceptor.intercept(RetryAndFollowUpInterceptor.java:126)
at app//okhttp3.internal.http.RealInterceptorChain.proceed(RealInterceptorChain.java:147)
at app//okhttp3.internal.http.RealInterceptorChain.proceed(RealInterceptorChain.java:121)
at app//okhttp3.RealCall.getResponseWithInterceptorChain(RealCall.java:200)
at app//okhttp3.RealCall.execute(RealCall.java:77)
at app//org.openqa.selenium.remote.internal.OkHttpClient.execute(OkHttpClient.java:103)
at app//org.openqa.selenium.remote.HttpCommandExecutor.execute(HttpCommandExecutor.java:155)
at app//org.openqa.selenium.remote.service.DriverCommandExecutor.execute(DriverCommandExecutor.java:83)
at app//org.openqa.selenium.remote.RemoteWebDriver.execute(RemoteWebDriver.java:552)
at app//org.openqa.selenium.remote.RemoteWebDriver.get(RemoteWebDriver.java:277)
at app//com.TestNg.org.TestNg.Parallel_Test.Flipcart(Parallel_Test.java:24)
at java.base@15.0.2/jdk.internal.reflect.NativeMethodAccessorImpl.invoke0(Native Method)
at java.base@15.0.2/jdk.internal.reflect.NativeMethodAccessorImpl.invoke(NativeMethodAccessorImpl.java:64)
at java.base@15.0.2/jdk.internal.reflect.DelegatingMethodAccessorImpl.invoke(DelegatingMethodAccessorImpl.java:43)
at java.base@15.0.2/java.lang.reflect.Method.invoke(Method.java:564)
at app//org.testng.internal.MethodInvocationHelper.invokeMethod(MethodInvocationHelper.java:133)
at app//org.testng.internal.InvokeMethodRunnable.runOne(InvokeMethodRunnable.java:51)
at app//org.testng.internal.InvokeMethodRunnable.run(InvokeMethodRunnable.java:41)
at java.base@15.0.2/java.util.concurrent.Executors$RunnableAdapter.call(Executors.java:515)
at java.base@15.0.2/java.util.concurrent.FutureTask.run(FutureTask.java:264)
at java.base@15.0.2/java.util.concurrent.ThreadPoolExecutor.runWorker(ThreadPoolExecutor.java:1130)
at java.base@15.0.2/java.util.concurrent.ThreadPoolExecutor$Worker.run(ThreadPoolExecutor.java:630)
at java.base@15.0.2/java.lang.Thread.run(Thread.java:832)
]]>
    </error>
  </testcase> <!-- Flipcart -->
  <testcase classname="com.TestNg.org.TestNg.Parallel_Test" name="Flipcart" time="4.002">
    <error message="Method com.TestNg.org.TestNg.Parallel_Test.Flipcart() didn&#039;t finish within the time-out 4000" type="org.testng.internal.thread.ThreadTimeoutException">
      <![CDATA[org.testng.internal.thread.ThreadTimeoutException: Method com.TestNg.org.TestNg.Parallel_Test.Flipcart() didn't finish within the time-out 4000
at java.base@15.0.2/sun.nio.ch.Net.poll(Native Method)
at java.base@15.0.2/sun.nio.ch.NioSocketImpl.park(NioSocketImpl.java:181)
at java.base@15.0.2/sun.nio.ch.NioSocketImpl.timedRead(NioSocketImpl.java:285)
at java.base@15.0.2/sun.nio.ch.NioSocketImpl.implRead(NioSocketImpl.java:309)
at java.base@15.0.2/sun.nio.ch.NioSocketImpl.read(NioSocketImpl.java:350)
at java.base@15.0.2/sun.nio.ch.NioSocketImpl$1.read(NioSocketImpl.java:803)
at java.base@15.0.2/java.net.Socket$SocketInputStream.read(Socket.java:981)
at app//okio.Okio$2.read(Okio.java:140)
at app//okio.AsyncTimeout$2.read(AsyncTimeout.java:237)
at app//okio.RealBufferedSource.indexOf(RealBufferedSource.java:355)
at app//okio.RealBufferedSource.readUtf8LineStrict(RealBufferedSource.java:227)
at app//okhttp3.internal.http1.Http1Codec.readHeaderLine(Http1Codec.java:215)
at app//okhttp3.internal.http1.Http1Codec.readResponseHeaders(Http1Codec.java:189)
at app//okhttp3.internal.http.CallServerInterceptor.intercept(CallServerInterceptor.java:88)
at app//okhttp3.internal.http.RealInterceptorChain.proceed(RealInterceptorChain.java:147)
at app//okhttp3.internal.http.RealInterceptorChain.proceed(RealInterceptorChain.java:121)
at app//org.openqa.selenium.remote.internal.OkHttpClient$Factory$1.lambda$createClient$1(OkHttpClient.java:152)
at app//org.openqa.selenium.remote.internal.OkHttpClient$Factory$1$$Lambda$93/0x000000010019c9e8.intercept(Unknown Source)
at app//okhttp3.internal.http.RealInterceptorChain.proceed(RealInterceptorChain.java:147)
at app//okhttp3.internal.connection.ConnectInterceptor.intercept(ConnectInterceptor.java:45)
at app//okhttp3.internal.http.RealInterceptorChain.proceed(RealInterceptorChain.java:147)
at app//okhttp3.internal.http.RealInterceptorChain.proceed(RealInterceptorChain.java:121)
at app//okhttp3.internal.cache.CacheInterceptor.intercept(CacheInterceptor.java:93)
at app//okhttp3.internal.http.RealInterceptorChain.proceed(RealInterceptorChain.java:147)
at app//okhttp3.internal.http.RealInterceptorChain.proceed(RealInterceptorChain.java:121)
at app//okhttp3.internal.http.BridgeInterceptor.intercept(BridgeInterceptor.java:93)
at app//okhttp3.internal.http.RealInterceptorChain.proceed(RealInterceptorChain.java:147)
at app//okhttp3.internal.http.RetryAndFollowUpInterceptor.intercept(RetryAndFollowUpInterceptor.java:126)
at app//okhttp3.internal.http.RealInterceptorChain.proceed(RealInterceptorChain.java:147)
at app//okhttp3.internal.http.RealInterceptorChain.proceed(RealInterceptorChain.java:121)
at app//okhttp3.RealCall.getResponseWithInterceptorChain(RealCall.java:200)
at app//okhttp3.RealCall.execute(RealCall.java:77)
at app//org.openqa.selenium.remote.internal.OkHttpClient.execute(OkHttpClient.java:103)
at app//org.openqa.selenium.remote.HttpCommandExecutor.execute(HttpCommandExecutor.java:155)
at app//org.openqa.selenium.remote.service.DriverCommandExecutor.execute(DriverCommandExecutor.java:83)
at app//org.openqa.selenium.remote.RemoteWebDriver.execute(RemoteWebDriver.java:552)
at app//org.openqa.selenium.remote.RemoteWebDriver.get(RemoteWebDriver.java:277)
at app//com.TestNg.org.TestNg.Parallel_Test.Flipcart(Parallel_Test.java:24)
at java.base@15.0.2/jdk.internal.reflect.NativeMethodAccessorImpl.invoke0(Native Method)
at java.base@15.0.2/jdk.internal.reflect.NativeMethodAccessorImpl.invoke(NativeMethodAccessorImpl.java:64)
at java.base@15.0.2/jdk.internal.reflect.DelegatingMethodAccessorImpl.invoke(DelegatingMethodAccessorImpl.java:43)
at java.base@15.0.2/java.lang.reflect.Method.invoke(Method.java:564)
at app//org.testng.internal.MethodInvocationHelper.invokeMethod(MethodInvocationHelper.java:133)
at app//org.testng.internal.InvokeMethodRunnable.runOne(InvokeMethodRunnable.java:51)
at app//org.testng.internal.InvokeMethodRunnable.run(InvokeMethodRunnable.java:41)
at java.base@15.0.2/java.util.concurrent.Executors$RunnableAdapter.call(Executors.java:515)
at java.base@15.0.2/java.util.concurrent.FutureTask.run(FutureTask.java:264)
at java.base@15.0.2/java.util.concurrent.ThreadPoolExecutor.runWorker(ThreadPoolExecutor.java:1130)
at java.base@15.0.2/java.util.concurrent.ThreadPoolExecutor$Worker.run(ThreadPoolExecutor.java:630)
at java.base@15.0.2/java.lang.Thread.run(Thread.java:832)
]]>
    </error>
  </testcase> <!-- Flipcart -->
</testsuite> <!-- com.TestNg.org.TestNg.Parallel_Test -->
